This is pdfTeX, Version 3.1415926-2.3-1.40.12 (MiKTeX 2.9) (preloaded format=pdflatex 2019.4.29)  3 DEC 2019 14:47
entering extended mode
**C:/Users/guan0/Desktop/BU_MSMF/Fisrt*semester/MF803/Final*program/Internation
al*Journal*of*Pattern*Recognition*and*Artificial*Intelligence*-*IJPRAI/main.tex


("C:/Users/guan0/Desktop/BU_MSMF/Fisrt semester/MF803/Final program/Internation
al Journal of Pattern Recognition and Artificial Intelligence - IJPRAI/main.tex
"
LaTeX2e <2011/06/27>
Babel <v3.8m> and hyphenation patterns for loaded.

("C:\Users\guan0\Desktop\BU_MSMF\Fisrt semester\MF803\Final program\Internation
al Journal of Pattern Recognition and Artificial Intelligence - IJPRAI\ws-ijpra
i.cls"
Document Class: ws-ijprai 1999/09/09 v1.0 Standardized LaTeX document class
\trimheight=\dimen102
\trimwidth=\dimen103
\typeheight=\dimen104
\typewidth=\dimen105
\draftrule=\dimen106
\tempdimen=\dimen107
\tablewidth=\dimen108
\normaltextheight=\dimen109
\tempbox=\box26
\tablewd=\dimen110
\c@section=\count79
\c@subsection=\count80
\c@subsubsection=\count81
\c@paragraph=\count82
\c@subparagraph=\count83
\c@figure=\count84
\c@table=\count85
\tabledim=\dimen111
\abovecaptionskip=\skip41
\belowcaptionskip=\skip42
\c@theorem=\count86
\c@lemma=\count87
\c@proposition=\count88
\c@corollary=\count89
\c@assertion=\count90
\c@answer=\count91
\c@assumption=\count92
\c@comment=\count93
\c@definition=\count94
\c@example=\count95
\c@remark=\count96
\c@solution=\count97
\bibindent=\dimen112
(D:\CTEX\MiKTeX\tex\latex\wrapfig\wrapfig.sty
\wrapoverhang=\dimen113
\WF@size=\dimen114
\c@WF@wrappedlines=\count98
\WF@box=\box27
\WF@everypar=\toks14


LaTeX Warning: You have requested document class `ws-ijprai',
               but the document class provides `wrapfig'.

Document Class: wrapfig 2003/01/31  v 3.6
)
\c@appendix=\count99
\minute=\count100
\hour=\count101
 (D:\CTEX\MiKTeX\tex\latex\amsfonts\amsfonts.sty
Package: amsfonts 2009/06/22 v3.00 Basic AMSFonts support
\@emptytoks=\toks15
\symAMSa=\mathgroup4
\symAMSb=\mathgroup5
LaTeX Font Info:    Overwriting math alphabet `\mathfrak' in version `bold'
(Font)                  U/euf/m/n --> U/euf/b/n on input line 96.
)
(D:\CTEX\MiKTeX\tex\latex\amsfonts\amssymb.sty
Package: amssymb 2009/06/22 v3.00
)
(D:\CTEX\MiKTeX\tex\latex\ams\math\amsmath.sty
Package: amsmath 2000/07/18 v2.13 AMS math features
\@mathmargin=\skip43

For additional information on amsmath, use the `?' option.
(D:\CTEX\MiKTeX\tex\latex\ams\math\amstext.sty
Package: amstext 2000/06/29 v2.01

(D:\CTEX\MiKTeX\tex\latex\ams\math\amsgen.sty
File: amsgen.sty 1999/11/30 v2.0
\@emptytoks=\toks16
\ex@=\dimen115
))
(D:\CTEX\MiKTeX\tex\latex\ams\math\amsbsy.sty
Package: amsbsy 1999/11/29 v1.2d
\pmbraise@=\dimen116
)
(D:\CTEX\MiKTeX\tex\latex\ams\math\amsopn.sty
Package: amsopn 1999/12/14 v2.01 operator names
)
\inf@bad=\count102
LaTeX Info: Redefining \frac on input line 211.
\uproot@=\count103
\leftroot@=\count104
LaTeX Info: Redefining \overline on input line 307.
\classnum@=\count105
\DOTSCASE@=\count106
LaTeX Info: Redefining \ldots on input line 379.
LaTeX Info: Redefining \dots on input line 382.
LaTeX Info: Redefining \cdots on input line 467.
\Mathstrutbox@=\box28
\strutbox@=\box29
\big@size=\dimen117
LaTeX Font Info:    Redeclaring font encoding OML on input line 567.
LaTeX Font Info:    Redeclaring font encoding OMS on input line 568.
\macc@depth=\count107
\c@MaxMatrixCols=\count108
\dotsspace@=\muskip10
\c@parentequation=\count109
\dspbrk@lvl=\count110
\tag@help=\toks17
\row@=\count111
\column@=\count112
\maxfields@=\count113
\andhelp@=\toks18
\eqnshift@=\dimen118
\alignsep@=\dimen119
\tagshift@=\dimen120
\tagwidth@=\dimen121
\totwidth@=\dimen122
\lineht@=\dimen123
\@envbody=\toks19
\multlinegap=\skip44
\multlinetaggap=\skip45
\mathdisplay@stack=\toks20
LaTeX Info: Redefining \[ on input line 2666.
LaTeX Info: Redefining \] on input line 2667.
)
(D:\CTEX\MiKTeX\tex\latex\graphics\graphicx.sty
Package: graphicx 1999/02/16 v1.0f Enhanced LaTeX Graphics (DPC,SPQR)

(D:\CTEX\MiKTeX\tex\latex\graphics\keyval.sty
Package: keyval 1999/03/16 v1.13 key=value parser (DPC)
\KV@toks@=\toks21
)
(D:\CTEX\MiKTeX\tex\latex\graphics\graphics.sty
Package: graphics 2009/02/05 v1.0o Standard LaTeX Graphics (DPC,SPQR)

(D:\CTEX\MiKTeX\tex\latex\graphics\trig.sty
Package: trig 1999/03/16 v1.09 sin cos tan (DPC)
)
(D:\CTEX\MiKTeX\tex\latex\00miktex\graphics.cfg
File: graphics.cfg 2007/01/18 v1.5 graphics configuration of teTeX/TeXLive
)
Package graphics Info: Driver file: pdftex.def on input line 91.

(D:\CTEX\MiKTeX\tex\latex\pdftex-def\pdftex.def
File: pdftex.def 2011/05/27 v0.06d Graphics/color for pdfTeX

(D:\CTEX\MiKTeX\tex\generic\oberdiek\infwarerr.sty
Package: infwarerr 2010/04/08 v1.3 Providing info/warning/message (HO)
)
(D:\CTEX\MiKTeX\tex\generic\oberdiek\ltxcmds.sty
Package: ltxcmds 2011/04/18 v1.20 LaTeX kernel commands for general use (HO)
)
\Gread@gobject=\count114
))
\Gin@req@height=\dimen124
\Gin@req@width=\dimen125
))
("C:\Users\guan0\Desktop\BU_MSMF\Fisrt semester\MF803\Final program\Internation
al Journal of Pattern Recognition and Artificial Intelligence - IJPRAI\main.aux
")
LaTeX Font Info:    Checking defaults for OML/cmm/m/it on input line 14.
LaTeX Font Info:    ... okay on input line 14.
LaTeX Font Info:    Checking defaults for T1/cmr/m/n on input line 14.
LaTeX Font Info:    ... okay on input line 14.
LaTeX Font Info:    Checking defaults for OT1/cmr/m/n on input line 14.
LaTeX Font Info:    ... okay on input line 14.
LaTeX Font Info:    Checking defaults for OMS/cmsy/m/n on input line 14.
LaTeX Font Info:    ... okay on input line 14.
LaTeX Font Info:    Checking defaults for OMX/cmex/m/n on input line 14.
LaTeX Font Info:    ... okay on input line 14.
LaTeX Font Info:    Checking defaults for U/cmr/m/n on input line 14.
LaTeX Font Info:    ... okay on input line 14.
 (D:\CTEX\MiKTeX\tex\context\base\supp-pdf.mkii
[Loading MPS to PDF converter (version 2006.09.02).]
\scratchcounter=\count115
\scratchdimen=\dimen126
\scratchbox=\box30
\nofMPsegments=\count116
\nofMParguments=\count117
\everyMPshowfont=\toks22
\MPscratchCnt=\count118
\MPscratchDim=\dimen127
\MPnumerator=\count119
\makeMPintoPDFobject=\count120
\everyMPtoPDFconversion=\toks23
)
LaTeX Font Info:    Try loading font information for OMS+cmr on input line 45.
 (D:\CTEX\MiKTeX\tex\latex\base\omscmr.fd
File: omscmr.fd 1999/05/25 v2.5h Standard LaTeX font definitions
)
LaTeX Font Info:    Font shape `OMS/cmr/m/n' in size <8> not available
(Font)              Font shape `OMS/cmsy/m/n' tried instead on input line 45.
LaTeX Font Info:    Try loading font information for U+msa on input line 45.

(D:\CTEX\MiKTeX\tex\latex\amsfonts\umsa.fd
File: umsa.fd 2009/06/22 v3.00 AMS symbols A
)
LaTeX Font Info:    Try loading font information for U+msb on input line 45.

(D:\CTEX\MiKTeX\tex\latex\amsfonts\umsb.fd
File: umsb.fd 2009/06/22 v3.00 AMS symbols B
) [1{D:/CTEX/UserData/pdftex/config/pdftex.map{Unicode.sfd}{UGBK.sfd}}

] [2] [3]
<ijpraif1.pdf, id=26, 391.4625pt x 358.33875pt>
File: ijpraif1.pdf Graphic file (type pdf)
 <use ijpraif1.pdf>
Package pdftex.def Info: ijpraif1.pdf used on input line 222.
(pdftex.def)             Requested size: 142.26378pt x 130.22664pt.
 [4 <C:/Users/guan0/Desktop/BU_MSMF/Fisrt semester/MF803/Final program/Internat
ional Journal of Pattern Recognition and Artificial Intelligence - IJPRAI/ijpra
if1.pdf>]
[5]

pdfTeX warning: pdflatex.exe (file C:/Users/guan0/Desktop/BU_MSMF/Fisrt semeste
r/MF803/Final program/International Journal of Pattern Recognition and Artifici
al Intelligence - IJPRAI/main/wang.pdf): PDF inclusion: found PDF version <1.6>
, but at most version <1.5> allowed
<main/wang.pdf, id=48, 114.4275pt x 137.51375pt>
File: main/wang.pdf Graphic file (type pdf)
 <use main/wang.pdf>
Package pdftex.def Info: main/wang.pdf used on input line 368.
(pdftex.def)             Requested size: 72.27303pt x 93.95294pt.

<main/gao.pdf, id=49, 66.2475pt x 91.34125pt>
File: main/gao.pdf Graphic file (type pdf)
 <use main/gao.pdf>
Package pdftex.def Info: main/gao.pdf used on input line 377.
(pdftex.def)             Requested size: 72.27504pt x 93.95569pt.
 [6 <C:/Users/guan0/Desktop/BU_MSMF/Fisrt semester/MF803/Final program/Internat
ional Journal of Pattern Recognition and Artificial Intelligence - IJPRAI/main/
wang.pdf> <C:/Users/guan0/Desktop/BU_MSMF/Fisrt semester/MF803/Final program/In
ternational Journal of Pattern Recognition and Artificial Intelligence - IJPRAI
/main/gao.pdf>]
("C:\Users\guan0\Desktop\BU_MSMF\Fisrt semester\MF803\Final program\Internation
al Journal of Pattern Recognition and Artificial Intelligence - IJPRAI\main.aux
") ) 
Here is how much of TeX's memory you used:
 2380 strings out of 495354
 28786 string characters out of 3183859
 84537 words of memory out of 3000000
 5542 multiletter control sequences out of 15000+200000
 11065 words of font info for 42 fonts, out of 3000000 for 9000
 14 hyphenation exceptions out of 8191
 34i,8n,24p,437b,258s stack positions out of 5000i,500n,10000p,200000b,50000s
<D:/CTEX/MiKTeX/fonts/type1/public/amsfonts/cm/cmbx10.pfb><D:/CTEX/MiKTeX/f
onts/type1/public/amsfonts/cm/cmbx8.pfb><D:/CTEX/MiKTeX/fonts/type1/public/amsf
onts/cm/cmbx9.pfb><D:/CTEX/MiKTeX/fonts/type1/public/amsfonts/cm/cmbxti10.pfb><
D:/CTEX/MiKTeX/fonts/type1/public/amsfonts/cm/cmex10.pfb><D:/CTEX/MiKTeX/fonts/
type1/public/amsfonts/cm/cmmi10.pfb><D:/CTEX/MiKTeX/fonts/type1/public/amsfonts
/cm/cmmi6.pfb><D:/CTEX/MiKTeX/fonts/type1/public/amsfonts/cm/cmmi7.pfb><D:/CTEX
/MiKTeX/fonts/type1/public/amsfonts/cm/cmmi8.pfb><D:/CTEX/MiKTeX/fonts/type1/pu
blic/amsfonts/cm/cmr10.pfb><D:/CTEX/MiKTeX/fonts/type1/public/amsfonts/cm/cmr6.
pfb><D:/CTEX/MiKTeX/fonts/type1/public/amsfonts/cm/cmr7.pfb><D:/CTEX/MiKTeX/fon
ts/type1/public/amsfonts/cm/cmr8.pfb><D:/CTEX/MiKTeX/fonts/type1/public/amsfont
s/cm/cmr9.pfb><D:/CTEX/MiKTeX/fonts/type1/public/amsfonts/cm/cmsy10.pfb><D:/CTE
X/MiKTeX/fonts/type1/public/amsfonts/cm/cmsy6.pfb><D:/CTEX/MiKTeX/fonts/type1/p
ublic/amsfonts/cm/cmsy7.pfb><D:/CTEX/MiKTeX/fonts/type1/public/amsfonts/cm/cmsy
8.pfb><D:/CTEX/MiKTeX/fonts/type1/public/amsfonts/cm/cmti10.pfb><D:/CTEX/MiKTeX
/fonts/type1/public/amsfonts/cm/cmti8.pfb><D:/CTEX/MiKTeX/fonts/type1/public/am
sfonts/cm/cmti9.pfb>
Output written on main.pdf (6 pages, 296222 bytes).
PDF statistics:
 134 PDF objects out of 1000 (max. 8388607)
 0 named destinations out of 1000 (max. 500000)
 16 words of extra memory for PDF output out of 10000 (max. 10000000)

